Determining if the pthread_create exist failed with the following output:
Change Dir: /home/workspace/project1/build/CMakeFiles/CMakeTmp

Run Build Command:"/usr/bin/make" "cmTC_f4c84/fast"
/usr/bin/make -f CMakeFiles/cmTC_f4c84.dir/build.make CMakeFiles/cmTC_f4c84.dir/build
make[1]: Entering directory '/home/workspace/project1/build/CMakeFiles/CMakeTmp'
Building C object CMakeFiles/cmTC_f4c84.dir/CheckSymbolExists.c.o
/usr/bin/cc     -o CMakeFiles/cmTC_f4c84.dir/CheckSymbolExists.c.o   -c /home/workspace/project1/build/CMakeFiles/CMakeTmp/CheckSymbolExists.c
Linking C executable cmTC_f4c84
/usr/bin/cmake -E cmake_link_script CMakeFiles/cmTC_f4c84.dir/link.txt --verbose=1
/usr/bin/cc       CMakeFiles/cmTC_f4c84.dir/CheckSymbolExists.c.o  -o cmTC_f4c84 -rdynamic 
CMakeFiles/cmTC_f4c84.dir/CheckSymbolExists.c.o: In function `main':
CheckSymbolExists.c:(.text+0x16): undefined reference to `pthread_create'
collect2: error: ld returned 1 exit status
CMakeFiles/cmTC_f4c84.dir/build.make:97: recipe for target 'cmTC_f4c84' failed
make[1]: *** [cmTC_f4c84] Error 1
make[1]: Leaving directory '/home/workspace/project1/build/CMakeFiles/CMakeTmp'
Makefile:126: recipe for target 'cmTC_f4c84/fast' failed
make: *** [cmTC_f4c84/fast] Error 2

File /home/workspace/project1/build/CMakeFiles/CMakeTmp/CheckSymbolExists.c:
/* */
#include <pthread.h>

int main(int argc, char** argv)
{
  (void)argv;
#ifndef pthread_create
  return ((int*)(&pthread_create))[argc];
#else
  (void)argc;
  return 0;
#endif
}

Determining if the function pthread_create exists in the pthreads failed with the following output:
Change Dir: /home/workspace/project1/build/CMakeFiles/CMakeTmp

Run Build Command:"/usr/bin/make" "cmTC_6dc76/fast"
/usr/bin/make -f CMakeFiles/cmTC_6dc76.dir/build.make CMakeFiles/cmTC_6dc76.dir/build
make[1]: Entering directory '/home/workspace/project1/build/CMakeFiles/CMakeTmp'
Building C object CMakeFiles/cmTC_6dc76.dir/CheckFunctionExists.c.o
/usr/bin/cc    -DCHECK_FUNCTION_EXISTS=pthread_create   -o CMakeFiles/cmTC_6dc76.dir/CheckFunctionExists.c.o   -c /usr/share/cmake-3.5/Modules/CheckFunctionExists.c
Linking C executable cmTC_6dc76
/usr/bin/cmake -E cmake_link_script CMakeFiles/cmTC_6dc76.dir/link.txt --verbose=1
/usr/bin/cc   -DCHECK_FUNCTION_EXISTS=pthread_create    CMakeFiles/cmTC_6dc76.dir/CheckFunctionExists.c.o  -o cmTC_6dc76 -rdynamic -lpthreads 
/usr/bin/ld: cannot find -lpthreads
collect2: error: ld returned 1 exit status
CMakeFiles/cmTC_6dc76.dir/build.make:97: recipe for target 'cmTC_6dc76' failed
make[1]: *** [cmTC_6dc76] Error 1
make[1]: Leaving directory '/home/workspace/project1/build/CMakeFiles/CMakeTmp'
Makefile:126: recipe for target 'cmTC_6dc76/fast' failed
make: *** [cmTC_6dc76/fast] Error 2


